<?xml version="1.0" encoding="UTF-8"?>
<testsuite name="regression"
           tests="5"
           failures="0"
           errors="0"
           skipped="0"
           time="9.702">
  <properties />
  
  
            <testcase name="customerShouldDepositMoneySuccessfully" time="2.555" classname="com.bank.testsuite.BankTest" />
                <testcase name="customerShouldWithdrawMoneySuccessfully" time="2.441" classname="com.bank.testsuite.BankTest" />
                <testcase name="bankManagerShouldAddCustomerSuccessfully" time="1.200" classname="com.bank.testsuite.BankTest" />
                <testcase name="bankManagerShouldOpenAccountSuccessfully" time="1.290" classname="com.bank.testsuite.BankTest" />
                <testcase name="customerShouldLoginAndLogoutSuccessfully" time="2.216" classname="com.bank.testsuite.BankTest" />
      
</testsuite>
